Files already downloaded and verified
Files already downloaded and verified
lr: 0.01
epoches: 30
epoch 0 train acc = 0.6675994091977676 train loss = 0.9714142282803854
epoch 0 eval acc = 0.751467633843422 eval loss = 0.7167387366294861

epoch 1 train acc = 0.8253486830120286 train loss = 0.5104633141309023
epoch 1 eval acc = 0.7612444195151329 eval loss = 0.7254489114880562

epoch 2 train acc = 0.8823336086546382 train loss = 0.3457323917342971
epoch 2 eval acc = 0.7821651786565781 eval loss = 0.6648595656454563

epoch 3 train acc = 0.9173865684618553 train loss = 0.2394882330748563
epoch 3 eval acc = 0.7931696429848671 eval loss = 0.7080470088124275

epoch 4 train acc = 0.9371181391179562 train loss = 0.17787710185317943
epoch 4 eval acc = 0.786858258843422 eval loss = 0.7532275833189488

epoch 5 train acc = 0.9562205777813991 train loss = 0.12762794406929365
epoch 5 eval acc = 0.7872712054848671 eval loss = 0.814591394662857

epoch 6 train acc = 0.9589906350399057 train loss = 0.12106138652112956
epoch 6 eval acc = 0.796590401828289 eval loss = 0.7765097774565219

epoch 7 train acc = 0.9710724658022324 train loss = 0.08525120587243389
epoch 7 eval acc = 0.7961160713434219 eval loss = 0.8867842720448971

epoch 8 train acc = 0.9736985427637895 train loss = 0.07703407800969823
epoch 8 eval acc = 0.7980691963434219 eval loss = 0.8549603547155857

epoch 9 train acc = 0.9764811197916666 train loss = 0.06705261814931873
epoch 9 eval acc = 0.799140625 eval loss = 0.8934546561539173

epoch 10 train acc = 0.9793951573471228 train loss = 0.0597974561508939
epoch 10 eval acc = 0.8009821429848671 eval loss = 0.9056278321146966

epoch 11 train acc = 0.9841558995346228 train loss = 0.047042425503605045
epoch 11 eval acc = 0.8039397320151329 eval loss = 0.952179165109992

epoch 12 train acc = 0.9869822965313991 train loss = 0.03743189629555369
epoch 12 eval acc = 0.805691964328289 eval loss = 0.9659204006195068

epoch 13 train acc = 0.9907633463541666 train loss = 0.028319655869078513
epoch 13 eval acc = 0.801852678656578 eval loss = 1.0457244655489921

epoch 14 train acc = 0.9845596704011162 train loss = 0.05032106454382301
epoch 14 eval acc = 0.801037946343422 eval loss = 0.9083009427785873

epoch 15 train acc = 0.9898306038230658 train loss = 0.031077903498347343
epoch 15 eval acc = 0.8037444195151329 eval loss = 1.0049002696573734

epoch 16 train acc = 0.9913956079011162 train loss = 0.027873061755599338
epoch 16 eval acc = 0.805569196343422 eval loss = 1.000272463709116

epoch 17 train acc = 0.9943252954011162 train loss = 0.019099511652105623
epoch 17 eval acc = 0.813850446343422 eval loss = 0.9929454569518567

epoch 18 train acc = 0.9928197615469495 train loss = 0.022725624269999873
epoch 18 eval acc = 0.8108370536565781 eval loss = 0.9842600616812706

epoch 19 train acc = 0.9938370141511162 train loss = 0.018104911947981844
epoch 19 eval acc = 0.8058761161565781 eval loss = 1.0586767530441283

epoch 20 train acc = 0.9917805989583334 train loss = 0.022547967100157013
epoch 20 eval acc = 0.804827008843422 eval loss = 1.0511346533894539

epoch 21 train acc = 0.9926350911458334 train loss = 0.021551819713901448
epoch 21 eval acc = 0.8054241070151329 eval loss = 1.043530981093645

epoch 22 train acc = 0.992519280873239 train loss = 0.021147951073241227
epoch 22 eval acc = 0.8078962054848671 eval loss = 1.0482743945717812

epoch 23 train acc = 0.9926163110261162 train loss = 0.022262805798921665
epoch 23 eval acc = 0.803152901828289 eval loss = 1.030499902665615

epoch 24 train acc = 0.9933706428855658 train loss = 0.022173106872287462
epoch 24 eval acc = 0.8053738838434219 eval loss = 0.99972655326128

epoch 25 train acc = 0.9949763370677829 train loss = 0.016061844205675396
epoch 25 eval acc = 0.8102287945151329 eval loss = 1.0305949039757252

epoch 26 train acc = 0.9971923828125 train loss = 0.008257236243252919
epoch 26 eval acc = 0.8157087054848671 eval loss = 1.0509604027867316

epoch 27 train acc = 0.9973551432291666 train loss = 0.007818680285254231
epoch 27 eval acc = 0.8132310268282891 eval loss = 1.0969227050244807

epoch 28 train acc = 0.99658203125 train loss = 0.0107661960725333
epoch 28 eval acc = 0.806434151828289 eval loss = 1.1541121336817741

epoch 29 train acc = 0.9945099658022324 train loss = 0.01693674696571179
epoch 29 eval acc = 0.798459821343422 eval loss = 1.1365121096372603

trainging time: 12757.254811763763 s
test acc = 0.7982594936708861 test loss = 1.1765248564225208