Files already downloaded and verified
Files already downloaded and verified
lr: 0.01
epoches: 30
epoch 0 train acc = 0.6698530148714781 train loss = 0.9609037184466919
epoch 0 eval acc = 0.777901785671711 eval loss = 0.6602008076012135

epoch 1 train acc = 0.8460442957778772 train loss = 0.4553319257684052
epoch 1 eval acc = 0.7929575893282891 eval loss = 0.6225116492807865

epoch 2 train acc = 0.9076585037012895 train loss = 0.2739393156177054
epoch 2 eval acc = 0.7908984375 eval loss = 0.6677972561120987

epoch 3 train acc = 0.9356157351285219 train loss = 0.18875422631390393
epoch 3 eval acc = 0.8088113838434219 eval loss = 0.6595756830275059

epoch 4 train acc = 0.9554912860815724 train loss = 0.1336978051404003
epoch 4 eval acc = 0.8033649554848671 eval loss = 0.7317657852172852

epoch 5 train acc = 0.959716796875 train loss = 0.11405321325097854
epoch 5 eval acc = 0.7941238838434219 eval loss = 0.7967444974184036

epoch 6 train acc = 0.9731288813054562 train loss = 0.0809386183876389
epoch 6 eval acc = 0.810546875 eval loss = 0.7767464636266231

epoch 7 train acc = 0.9758363381649057 train loss = 0.07456222059166369
epoch 7 eval acc = 0.8153738838434219 eval loss = 0.779874407351017

epoch 8 train acc = 0.9785782250886162 train loss = 0.06372394189141535
epoch 8 eval acc = 0.8151841518282891 eval loss = 0.792581342458725

epoch 9 train acc = 0.9833014073471228 train loss = 0.048789077469943244
epoch 9 eval acc = 0.8199274554848671 eval loss = 0.7726785270869732

epoch 10 train acc = 0.9854141625886162 train loss = 0.043078600931039546
epoch 10 eval acc = 0.820574776828289 eval loss = 0.8020748043060303

epoch 11 train acc = 0.9882624698802829 train loss = 0.03601550544165851
epoch 11 eval acc = 0.8215066963434219 eval loss = 0.8080422075837851

epoch 12 train acc = 0.9892985026041666 train loss = 0.030658728811734665
epoch 12 eval acc = 0.8173102679848671 eval loss = 0.9114528818428517

epoch 13 train acc = 0.9903783552969495 train loss = 0.028904269252961967
epoch 13 eval acc = 0.8178850445151329 eval loss = 0.8756323257088661

epoch 14 train acc = 0.990966796875 train loss = 0.029835793688713846
epoch 14 eval acc = 0.826953125 eval loss = 0.8366915483772754

epoch 15 train acc = 0.9915176782136162 train loss = 0.02590167852607313
epoch 15 eval acc = 0.8248772320151329 eval loss = 0.853033631592989

epoch 16 train acc = 0.9936116536458334 train loss = 0.020041998909315833
epoch 16 eval acc = 0.8280524554848671 eval loss = 0.8750634026527405

epoch 17 train acc = 0.9949356469636162 train loss = 0.015278499802358661
epoch 17 eval acc = 0.8317633929848671 eval loss = 0.8615999707579612

epoch 18 train acc = 0.9971516927083334 train loss = 0.008036507674205495
epoch 18 eval acc = 0.8334765625 eval loss = 0.9220230591297149

epoch 19 train acc = 0.995849609375 train loss = 0.01384646700785197
epoch 19 eval acc = 0.823543526828289 eval loss = 0.9209546123445034

epoch 20 train acc = 0.9915802783022324 train loss = 0.023538691232867375
epoch 20 eval acc = 0.821378348171711 eval loss = 0.9396393129229546

epoch 21 train acc = 0.9924942407136162 train loss = 0.021896686965798533
epoch 21 eval acc = 0.8230245536565781 eval loss = 0.9001141454279423

epoch 22 train acc = 0.9942220052083334 train loss = 0.018448212580551626
epoch 22 eval acc = 0.8241462054848671 eval loss = 0.8810847334563732

epoch 23 train acc = 0.9958715193594495 train loss = 0.01195380287451068
epoch 23 eval acc = 0.8275279018282891 eval loss = 0.9234940615296364

epoch 24 train acc = 0.9926350911458334 train loss = 0.021021283303222543
epoch 24 eval acc = 0.8227622768282891 eval loss = 0.9045526707172393

epoch 25 train acc = 0.9954427083333334 train loss = 0.013086878000649449
epoch 25 eval acc = 0.8244977679848671 eval loss = 0.9442461197078228

epoch 26 train acc = 0.9954427083333334 train loss = 0.013590606382573847
epoch 26 eval acc = 0.8287109375 eval loss = 0.9193169118463993

epoch 27 train acc = 0.9967291417221228 train loss = 0.010199038139186692
epoch 27 eval acc = 0.829676339328289 eval loss = 0.9047100278735161

epoch 28 train acc = 0.9966446313386162 train loss = 0.010535867460627438
epoch 28 eval acc = 0.8288225445151329 eval loss = 0.9291241477429867

epoch 29 train acc = 0.9971736026927829 train loss = 0.008205404393568946
epoch 29 eval acc = 0.8307198661565781 eval loss = 0.9195487140119076

trainging time: 27746.42176437378 s
test acc = 0.8209058544303798 test loss = 0.9727023130730738