Files already downloaded and verified
Files already downloaded and verified
lr: 0.01
epoches: 30
epoch 0 train acc = 0.6445719401041666 train loss = 1.0392597128326695
epoch 0 eval acc = 0.7259430804848671 eval loss = 0.7864286968111992

epoch 1 train acc = 0.8023493839427829 train loss = 0.5838025867318114
epoch 1 eval acc = 0.7681194195151329 eval loss = 0.6821830601990223

epoch 2 train acc = 0.8606645632535219 train loss = 0.4066430587166299
epoch 2 eval acc = 0.7658370536565781 eval loss = 0.7104153446853161

epoch 3 train acc = 0.8965907953679562 train loss = 0.30054724200939137
epoch 3 eval acc = 0.774162946343422 eval loss = 0.7326417379081249

epoch 4 train acc = 0.9158841647828618 train loss = 0.24022192511862764
epoch 4 eval acc = 0.7743526786565781 eval loss = 0.7953621271252632

epoch 5 train acc = 0.937778570689261 train loss = 0.1796027811942622
epoch 5 eval acc = 0.7814453125 eval loss = 0.813124353736639

epoch 6 train acc = 0.9469682741910219 train loss = 0.15348388819256797
epoch 6 eval acc = 0.7787667411565781 eval loss = 0.8820467929542065

epoch 7 train acc = 0.9562800480052829 train loss = 0.12777234035699317
epoch 7 eval acc = 0.7887444195151329 eval loss = 0.8681169231235981

epoch 8 train acc = 0.9650127704565724 train loss = 0.100959697253226
epoch 8 eval acc = 0.783828125 eval loss = 0.9256929057836533

epoch 9 train acc = 0.9674573065713048 train loss = 0.09388704701753643
epoch 9 eval acc = 0.782952008843422 eval loss = 0.9503812825679779

epoch 10 train acc = 0.970947265625 train loss = 0.08284118429097968
epoch 10 eval acc = 0.7905022320151329 eval loss = 0.954358235746622

epoch 11 train acc = 0.9780930740137895 train loss = 0.06479765646508895
epoch 11 eval acc = 0.792092633843422 eval loss = 0.9807595518231392

epoch 12 train acc = 0.9794734073802829 train loss = 0.05986264749905482
epoch 12 eval acc = 0.7808203125 eval loss = 1.071801414191723

epoch 13 train acc = 0.9782933943594495 train loss = 0.06417844226234592
epoch 13 eval acc = 0.786802455484867 eval loss = 1.0482448349893092

epoch 14 train acc = 0.9833984375 train loss = 0.05012700860000526
epoch 14 eval acc = 0.7966015625 eval loss = 0.9850844833254814

epoch 15 train acc = 0.9894205729166666 train loss = 0.03289095445143175
epoch 15 eval acc = 0.8027734375 eval loss = 1.0076631531119347

epoch 16 train acc = 0.9920278694480658 train loss = 0.02354562669340036
epoch 16 eval acc = 0.7964676338434219 eval loss = 1.1083494219183923

epoch 17 train acc = 0.9856207432846228 train loss = 0.04296859291086245
epoch 17 eval acc = 0.7867243304848671 eval loss = 1.1034188005328178

epoch 18 train acc = 0.9877741886302829 train loss = 0.040241058686660836
epoch 18 eval acc = 0.7978459820151329 eval loss = 1.0120633766055107

epoch 19 train acc = 0.991455078125 train loss = 0.026941037131109624
epoch 19 eval acc = 0.8004352679848671 eval loss = 1.0520140673220157

epoch 20 train acc = 0.9931484125554562 train loss = 0.021095747274557652
epoch 20 eval acc = 0.7964285713434219 eval loss = 1.1337818545103073

epoch 21 train acc = 0.9912328474844495 train loss = 0.02714803020353429
epoch 21 eval acc = 0.7881473213434219 eval loss = 1.1795020389556885

epoch 22 train acc = 0.9919840494791666 train loss = 0.023282434583658567
epoch 22 eval acc = 0.795530133843422 eval loss = 1.1615819722414016

epoch 23 train acc = 0.9919652693594495 train loss = 0.0245399574126471
epoch 23 eval acc = 0.7951674106717109 eval loss = 1.1787327083945274

epoch 24 train acc = 0.9917399088541666 train loss = 0.023566169319565233
epoch 24 eval acc = 0.7978459820151329 eval loss = 1.1487025147676468

epoch 25 train acc = 0.9920247395833334 train loss = 0.023863633973936278
epoch 25 eval acc = 0.7899553570151329 eval loss = 1.1954372042417527

epoch 26 train acc = 0.9927415115137895 train loss = 0.022758783085616113
epoch 26 eval acc = 0.7951953125 eval loss = 1.170297002196312

epoch 27 train acc = 0.9943033854166666 train loss = 0.01851726328792817
epoch 27 eval acc = 0.801668526828289 eval loss = 1.1054006609320641

epoch 28 train acc = 0.9950764973958334 train loss = 0.01503053693795664
epoch 28 eval acc = 0.8014787945151329 eval loss = 1.1601586624979974

epoch 29 train acc = 0.9945913460105658 train loss = 0.017003403173172654
epoch 29 eval acc = 0.7992243304848671 eval loss = 1.2143106922507285

trainging time: 16875.058213472366 s
test acc = 0.7941060126582279 test loss = 1.2638343572616577