Files already downloaded and verified
Files already downloaded and verified
lr: 0.01
epoches: 30
epoch 0 train acc = 0.6911182894061009 train loss = 0.9022935385194918
epoch 0 eval acc = 0.7594977679848671 eval loss = 0.7003760315477848

epoch 1 train acc = 0.8379219251995286 train loss = 0.4808425862963001
epoch 1 eval acc = 0.8040290179848671 eval loss = 0.5731758427619934

epoch 2 train acc = 0.8998585237811009 train loss = 0.2990768146701157
epoch 2 eval acc = 0.807566964328289 eval loss = 0.6190512591600418

epoch 3 train acc = 0.9379131610815724 train loss = 0.18688502872828394
epoch 3 eval acc = 0.824246651828289 eval loss = 0.6309152883291245

epoch 4 train acc = 0.9595947265625 train loss = 0.11995030088777033
epoch 4 eval acc = 0.833761160671711 eval loss = 0.6377478279173374

epoch 5 train acc = 0.9664588340868553 train loss = 0.09715095143474173
epoch 5 eval acc = 0.8319921875 eval loss = 0.6846743613481522

epoch 6 train acc = 0.9783528645833334 train loss = 0.06726870989465776
epoch 6 eval acc = 0.837550223171711 eval loss = 0.7260732159018517

epoch 7 train acc = 0.9806315104166666 train loss = 0.05712516007042723
epoch 7 eval acc = 0.829352678656578 eval loss = 0.7821061971783638

epoch 8 train acc = 0.9824030948802829 train loss = 0.051183953134265416
epoch 8 eval acc = 0.8339508929848671 eval loss = 0.8052496914565563

epoch 9 train acc = 0.9861058943594495 train loss = 0.04119812760836794
epoch 9 eval acc = 0.832667410671711 eval loss = 0.7817936074733735

epoch 10 train acc = 0.9857584635416666 train loss = 0.044620856077623706
epoch 10 eval acc = 0.839123883843422 eval loss = 0.7896627166867256

epoch 11 train acc = 0.990234375 train loss = 0.030697872691841138
epoch 11 eval acc = 0.8285100445151329 eval loss = 0.8758240908384323

epoch 12 train acc = 0.9905192057291666 train loss = 0.029753154659071395
epoch 12 eval acc = 0.8467578125 eval loss = 0.7765910075604916

epoch 13 train acc = 0.9949951171875 train loss = 0.01660476923416354
epoch 13 eval acc = 0.840334821343422 eval loss = 0.7920872515439987

epoch 14 train acc = 0.9937337239583334 train loss = 0.02043786454714791
epoch 14 eval acc = 0.829012276828289 eval loss = 0.9930859713256359

epoch 15 train acc = 0.9890355818594495 train loss = 0.03208298977582066
epoch 15 eval acc = 0.8425 eval loss = 0.8278564074635506

epoch 16 train acc = 0.9928792317708334 train loss = 0.02168062447375026
epoch 16 eval acc = 0.841456473171711 eval loss = 0.9031187656521797

epoch 17 train acc = 0.9940999348958334 train loss = 0.01779140719008865
epoch 17 eval acc = 0.8391127231717109 eval loss = 0.8914749784767628

epoch 18 train acc = 0.9959528995677829 train loss = 0.013234822219298318
epoch 18 eval acc = 0.834475446343422 eval loss = 0.9153150165081024

epoch 19 train acc = 0.9936930338541666 train loss = 0.018598781061276288
epoch 19 eval acc = 0.8357421875 eval loss = 0.9188490721583367

epoch 20 train acc = 0.9958902994791666 train loss = 0.01381159586147381
epoch 20 eval acc = 0.8418805804848671 eval loss = 0.835250798612833

epoch 21 train acc = 0.9975992838541666 train loss = 0.00794780083151636
epoch 21 eval acc = 0.8446428570151329 eval loss = 0.8771718934178352

epoch 22 train acc = 0.997314453125 train loss = 0.00883395865565717
epoch 22 eval acc = 0.842801339328289 eval loss = 0.9488664256036281

epoch 23 train acc = 0.9952799479166666 train loss = 0.014258500478566324
epoch 23 eval acc = 0.8441294643282891 eval loss = 0.8684006315469742

epoch 24 train acc = 0.9967041015625 train loss = 0.010904118181770173
epoch 24 eval acc = 0.848683035671711 eval loss = 0.8939502075314522

epoch 25 train acc = 0.9989420572916666 train loss = 0.0038298722506434992
epoch 25 eval acc = 0.847232142984867 eval loss = 0.9584759166836738

epoch 26 train acc = 0.9998779296875 train loss = 0.0009226633116459956
epoch 26 eval acc = 0.854402901828289 eval loss = 0.9487371984124183

epoch 27 train acc = 0.9993489583333334 train loss = 0.0029494031441667326
epoch 27 eval acc = 0.8512723213434219 eval loss = 0.9719033920764923

epoch 28 train acc = 0.9976806640625 train loss = 0.008007295095211475
epoch 28 eval acc = 0.8452566963434219 eval loss = 0.9484442733228207

epoch 29 train acc = 0.9952392578125 train loss = 0.013838476467147606
epoch 29 eval acc = 0.8397209820151329 eval loss = 0.91478520616889

trainging time: 28417.84601187706 s
test acc = 0.8427610759493671 test loss = 0.930933907439437