Files already downloaded and verified
Files already downloaded and verified
lr: 0.01
epoches: 50
epoch 0 train acc = 0.4099214992796381 train loss = 1.6150893963252504
epoch 0 eval acc = 0.660184151828289 eval loss = 0.9861519932746887

epoch 1 train acc = 0.7348507611701885 train loss = 0.7870182433786491
epoch 1 eval acc = 0.7497600445151329 eval loss = 0.7442820563912391

epoch 2 train acc = 0.7945525341977676 train loss = 0.6088390480726957
epoch 2 eval acc = 0.7701897320151329 eval loss = 0.6951262499392032

epoch 3 train acc = 0.8216020632535219 train loss = 0.528766272123903
epoch 3 eval acc = 0.798733258843422 eval loss = 0.6235703630745411

epoch 4 train acc = 0.8471617087100943 train loss = 0.45955961632231873
epoch 4 eval acc = 0.804988839328289 eval loss = 0.573864651620388

epoch 5 train acc = 0.86572265625 train loss = 0.4033023128286004
epoch 5 eval acc = 0.806266741156578 eval loss = 0.5942871288955212

epoch 6 train acc = 0.8761393229166666 train loss = 0.37334407726302743
epoch 6 eval acc = 0.8352399554848671 eval loss = 0.5036385031044484

epoch 7 train acc = 0.8878486830120286 train loss = 0.3369323379204919
epoch 7 eval acc = 0.823465401828289 eval loss = 0.5625344194471836

epoch 8 train acc = 0.8977144680296382 train loss = 0.30868127406574786
epoch 8 eval acc = 0.834386160671711 eval loss = 0.514916959553957

epoch 9 train acc = 0.9083502354721228 train loss = 0.28511202238344896
epoch 9 eval acc = 0.8326227679848671 eval loss = 0.5165087017416954

epoch 10 train acc = 0.9087571365137895 train loss = 0.2750633630203083
epoch 10 eval acc = 0.8361774554848671 eval loss = 0.5073748391866684

epoch 11 train acc = 0.9178936298315724 train loss = 0.25216265383642167
epoch 11 eval acc = 0.8391852679848671 eval loss = 0.4978741054236889

epoch 12 train acc = 0.9241411257535219 train loss = 0.23084359701412419
epoch 12 eval acc = 0.847756696343422 eval loss = 0.48607476845383646

epoch 13 train acc = 0.9284949668993553 train loss = 0.2229939103126526
epoch 13 eval acc = 0.826941964328289 eval loss = 0.576162072867155

epoch 14 train acc = 0.9311992938940724 train loss = 0.20975440659094602
epoch 14 eval acc = 0.852198660671711 eval loss = 0.4924737520515919

epoch 15 train acc = 0.936489007435739 train loss = 0.19699843344278634
epoch 15 eval acc = 0.8461997768282891 eval loss = 0.5161740653961897

epoch 16 train acc = 0.936489007435739 train loss = 0.19791387460039309
epoch 16 eval acc = 0.8471930804848671 eval loss = 0.5290643575787545

epoch 17 train acc = 0.9434845751772324 train loss = 0.1765727085294202
epoch 17 eval acc = 0.850686383843422 eval loss = 0.5036088633537292

epoch 18 train acc = 0.9459698017065724 train loss = 0.17125549132470042
epoch 18 eval acc = 0.846104910671711 eval loss = 0.5341060716658831

epoch 19 train acc = 0.9477570361147324 train loss = 0.1673198354546912
epoch 19 eval acc = 0.8481082588434219 eval loss = 0.5208970905840397

epoch 20 train acc = 0.9507900141179562 train loss = 0.15922057304608947
epoch 20 eval acc = 0.8485267856717109 eval loss = 0.5279403682053089

epoch 21 train acc = 0.952880859375 train loss = 0.14972561760805547
epoch 21 eval acc = 0.8521261161565781 eval loss = 0.5232467154413462

epoch 22 train acc = 0.9531500401596228 train loss = 0.1468634280220916
epoch 22 eval acc = 0.851356026828289 eval loss = 0.4889719007909298

epoch 23 train acc = 0.9563802083333334 train loss = 0.13595592142276777
epoch 23 eval acc = 0.8555859375 eval loss = 0.4948951307684183

epoch 24 train acc = 0.9581737027813991 train loss = 0.13417271062886962
epoch 24 eval acc = 0.8518303570151329 eval loss = 0.5215746331214904

epoch 25 train acc = 0.9583959334219495 train loss = 0.13425606470749094
epoch 25 eval acc = 0.8592689731717109 eval loss = 0.49314196601510046

epoch 26 train acc = 0.9598795572916666 train loss = 0.12742799776606262
epoch 26 eval acc = 0.8565066963434219 eval loss = 0.511865461319685

epoch 27 train acc = 0.9594976964096228 train loss = 0.12936350794431442
epoch 27 eval acc = 0.8608816963434219 eval loss = 0.4864612063765526

epoch 28 train acc = 0.9612254605938991 train loss = 0.1217820512150259
epoch 28 eval acc = 0.8558482143282891 eval loss = 0.511261828020215

epoch 29 train acc = 0.9643617287899057 train loss = 0.11743990229054664
epoch 29 eval acc = 0.864893973171711 eval loss = 0.45748255409300326

epoch 30 train acc = 0.9666372444480658 train loss = 0.10805493851269905
epoch 30 eval acc = 0.8549441963434219 eval loss = 0.5081964255869389

epoch 31 train acc = 0.9660863631094495 train loss = 0.10917379402477916
epoch 31 eval acc = 0.8562165179848671 eval loss = 0.5106409810483455

epoch 32 train acc = 0.9655386116355658 train loss = 0.10997906482953113
epoch 32 eval acc = 0.850452008843422 eval loss = 0.5829130600392819

epoch 33 train acc = 0.9651129307846228 train loss = 0.11341644942876883
epoch 33 eval acc = 0.8634095981717109 eval loss = 0.5042289986461401

epoch 34 train acc = 0.9662679036458334 train loss = 0.10693929543776903
epoch 34 eval acc = 0.8612053570151329 eval loss = 0.5007754163444043

epoch 35 train acc = 0.9690974308177829 train loss = 0.10031299918773584
epoch 35 eval acc = 0.8618303570151329 eval loss = 0.48715553164482117

epoch 36 train acc = 0.9668000048647324 train loss = 0.10737262544959474
epoch 36 eval acc = 0.8629910713434219 eval loss = 0.47669317208230494

epoch 37 train acc = 0.969482421875 train loss = 0.09740050395096962
epoch 37 eval acc = 0.862566964328289 eval loss = 0.4723217406868935

epoch 38 train acc = 0.9689158902813991 train loss = 0.0980501497106161
epoch 38 eval acc = 0.867410714328289 eval loss = 0.4842642337083817

epoch 39 train acc = 0.9712320963541666 train loss = 0.09055416996125132
epoch 39 eval acc = 0.856886160671711 eval loss = 0.5217670150101185

epoch 40 train acc = 0.9729035204897324 train loss = 0.09077638182983112
epoch 40 eval acc = 0.8609486606717109 eval loss = 0.5145274463295937

epoch 41 train acc = 0.9704652444149057 train loss = 0.09408534346827462
epoch 41 eval acc = 0.8621986606717109 eval loss = 0.5060318148136139

epoch 42 train acc = 0.9730255908022324 train loss = 0.08498325844993815
epoch 42 eval acc = 0.853537946343422 eval loss = 0.5548828719556331

epoch 43 train acc = 0.9730881912012895 train loss = 0.08874001205549575
epoch 43 eval acc = 0.8631584820151329 eval loss = 0.5113172163069248

epoch 44 train acc = 0.9745686848958334 train loss = 0.08371431569685228
epoch 44 eval acc = 0.8693694195151329 eval loss = 0.4812448950856924

epoch 45 train acc = 0.9751383463541666 train loss = 0.08072063077270286
epoch 45 eval acc = 0.8647042411565781 eval loss = 0.5193412741273642

epoch 46 train acc = 0.9751602563386162 train loss = 0.07976725556363817
epoch 46 eval acc = 0.865725446343422 eval loss = 0.49780860289931295

epoch 47 train acc = 0.9761555989583334 train loss = 0.0777049405054034
epoch 47 eval acc = 0.862371651828289 eval loss = 0.5009770861268044

epoch 48 train acc = 0.9750788761302829 train loss = 0.08015009219525382
epoch 48 eval acc = 0.872237723171711 eval loss = 0.4760901434719563

epoch 49 train acc = 0.9753856168438991 train loss = 0.07775693987787236
epoch 49 eval acc = 0.8690345981717109 eval loss = 0.5025576468557119

trainging time: 43408.05925774574 s
test acc = 0.8751977848101266 test loss = 0.4847377499070349