Files already downloaded and verified
Files already downloaded and verified
lr: 0.01
epoches: 30
epoch 0 train acc = 0.7206186149269342 train loss = 0.8345694042121371
epoch 0 eval acc = 0.76578125 eval loss = 0.6614203667640686

epoch 1 train acc = 0.8569429836546382 train loss = 0.430670011555776
epoch 1 eval acc = 0.8324107143282891 eval loss = 0.5034394523501396

epoch 2 train acc = 0.9116273537899057 train loss = 0.2640881669940427
epoch 2 eval acc = 0.850050223171711 eval loss = 0.4883706139028072

epoch 3 train acc = 0.9417975010971228 train loss = 0.1712503982319807
epoch 3 eval acc = 0.8400446429848671 eval loss = 0.5250137911736965

epoch 4 train acc = 0.9601236979166666 train loss = 0.11979618373637398
epoch 4 eval acc = 0.849034598171711 eval loss = 0.5980888046324253

epoch 5 train acc = 0.9665370844304562 train loss = 0.09983261166295658
epoch 5 eval acc = 0.8550837054848671 eval loss = 0.5653134091198444

epoch 6 train acc = 0.9756485375886162 train loss = 0.07469792930351105
epoch 6 eval acc = 0.8438058036565781 eval loss = 0.7031245987862349

epoch 7 train acc = 0.9806127302969495 train loss = 0.06165613416427126
epoch 7 eval acc = 0.854441964328289 eval loss = 0.6544998790323734

epoch 8 train acc = 0.9851919319480658 train loss = 0.04588763642095728
epoch 8 eval acc = 0.846512276828289 eval loss = 0.7470665356516838

epoch 9 train acc = 0.9841527693594495 train loss = 0.0477394626189683
epoch 9 eval acc = 0.8598883929848671 eval loss = 0.6377317506819964

epoch 10 train acc = 0.9886881510416666 train loss = 0.036064524814719334
epoch 10 eval acc = 0.8442131695151329 eval loss = 0.7858887411653995

epoch 11 train acc = 0.9879181689272324 train loss = 0.03786863345946282
epoch 11 eval acc = 0.8489006695151329 eval loss = 0.7608470696210862

epoch 12 train acc = 0.9889135115469495 train loss = 0.03537193715965259
epoch 12 eval acc = 0.862723214328289 eval loss = 0.6683557091653347

epoch 13 train acc = 0.9894205729166666 train loss = 0.03429348776444385
epoch 13 eval acc = 0.8595479911565781 eval loss = 0.7001088216155767

epoch 14 train acc = 0.9923095703125 train loss = 0.022960634889689874
epoch 14 eval acc = 0.8515625 eval loss = 0.762050849199295

epoch 15 train acc = 0.9903376651927829 train loss = 0.028147226023672072
epoch 15 eval acc = 0.8567243304848671 eval loss = 0.7170750223100185

epoch 16 train acc = 0.9934301131094495 train loss = 0.020996470408742123
epoch 16 eval acc = 0.8544084820151329 eval loss = 0.7376332625746727

epoch 17 train acc = 0.9935114933177829 train loss = 0.02006186677090227
epoch 17 eval acc = 0.860870535671711 eval loss = 0.691461439281702

epoch 18 train acc = 0.9961344401041666 train loss = 0.01282666108598581
epoch 18 eval acc = 0.858253348171711 eval loss = 0.793041635453701

epoch 19 train acc = 0.9936742537344495 train loss = 0.0209920340375902
epoch 19 eval acc = 0.852862723171711 eval loss = 0.7901037067174912

epoch 20 train acc = 0.9937744140625 train loss = 0.01993626508434924
epoch 20 eval acc = 0.851707589328289 eval loss = 0.7098181973397731

epoch 21 train acc = 0.9957682291666666 train loss = 0.013748863050144186
epoch 21 eval acc = 0.860658482015133 eval loss = 0.7689461148530244

epoch 22 train acc = 0.9969075520833334 train loss = 0.009117007395256374
epoch 22 eval acc = 0.860809151828289 eval loss = 0.8391167449951172

epoch 23 train acc = 0.9955240885416666 train loss = 0.013736891154621844
epoch 23 eval acc = 0.859285714328289 eval loss = 0.8130063870549202

epoch 24 train acc = 0.9955647786458334 train loss = 0.013341686057628976
epoch 24 eval acc = 0.849815848171711 eval loss = 0.8349481749534607

epoch 25 train acc = 0.9960749698802829 train loss = 0.011932747530181587
epoch 25 eval acc = 0.864285714328289 eval loss = 0.7636064735054969

epoch 26 train acc = 0.9964411808177829 train loss = 0.011563100981125748
epoch 26 eval acc = 0.8568247768282891 eval loss = 0.831698185056448

epoch 27 train acc = 0.9956680688386162 train loss = 0.013363740787781353
epoch 27 eval acc = 0.8663225445151329 eval loss = 0.7538689867407083

epoch 28 train acc = 0.9971923828125 train loss = 0.00870700864296244
epoch 28 eval acc = 0.862287946343422 eval loss = 0.8351611672341823

epoch 29 train acc = 0.99755859375 train loss = 0.007812186788243025
epoch 29 eval acc = 0.859715401828289 eval loss = 0.8985072413086891

trainging time: 34234.47891998291 s
test acc = 0.8596716772151899 test loss = 0.8962093776539911