lr: 0.01
epoches: 50
epoch 0 train acc = 0.2682072566822171 train loss = 1.9813783532008529
epoch 0 eval acc = 0.635301339328289 eval loss = 1.0565307518839837

epoch 1 train acc = 0.7142834784463048 train loss = 0.8585826723525921
epoch 1 eval acc = 0.733465401828289 eval loss = 0.8198896330595017

epoch 2 train acc = 0.8064090044548115 train loss = 0.5912978105867902
epoch 2 eval acc = 0.782321428656578 eval loss = 0.6501075793802739

epoch 3 train acc = 0.8472837790225943 train loss = 0.4643311671291788
epoch 3 eval acc = 0.7960993304848671 eval loss = 0.6307972067594528

epoch 4 train acc = 0.8770626752326885 train loss = 0.37788376507038873
epoch 4 eval acc = 0.8180022320151329 eval loss = 0.5604024938493967

epoch 5 train acc = 0.9016770583887895 train loss = 0.2997828771670659
epoch 5 eval acc = 0.8272098213434219 eval loss = 0.5550642082095146

epoch 6 train acc = 0.922206780873239 train loss = 0.24233085790183395
epoch 6 eval acc = 0.809129464328289 eval loss = 0.6205228309333325

epoch 7 train acc = 0.9330053084219495 train loss = 0.20379726157989353
epoch 7 eval acc = 0.826629464328289 eval loss = 0.5883961175382137

epoch 8 train acc = 0.9429180438940724 train loss = 0.16977826393364617
epoch 8 eval acc = 0.8262779018282891 eval loss = 0.6274500273168087

epoch 9 train acc = 0.9533754006649057 train loss = 0.1448184610150444
epoch 9 eval acc = 0.810803571343422 eval loss = 0.7096261927485465

epoch 10 train acc = 0.9563238682846228 train loss = 0.1354533318177952
epoch 10 eval acc = 0.830390625 eval loss = 0.6058871029317379

epoch 11 train acc = 0.9641770583887895 train loss = 0.11131469552249958
epoch 11 eval acc = 0.8354241070151329 eval loss = 0.6118282084912061

epoch 12 train acc = 0.9682836287344495 train loss = 0.097505519244199
epoch 12 eval acc = 0.8241127231717109 eval loss = 0.6878548197448253

epoch 13 train acc = 0.9713134765625 train loss = 0.08833614544467612
epoch 13 eval acc = 0.827243303656578 eval loss = 0.7516549697518349

epoch 14 train acc = 0.9761775089427829 train loss = 0.07385542289800166
epoch 14 eval acc = 0.8177622768282891 eval loss = 0.7437641969323159

epoch 15 train acc = 0.9793294270833334 train loss = 0.06470744378990882
epoch 15 eval acc = 0.8393191963434219 eval loss = 0.684855964332819

epoch 16 train acc = 0.98046875 train loss = 0.06036857803216359
epoch 16 eval acc = 0.8322321429848671 eval loss = 0.7375333762168884

epoch 17 train acc = 0.9817520532136162 train loss = 0.058214431674665924
epoch 17 eval acc = 0.8284821429848671 eval loss = 0.7437978181242942

epoch 18 train acc = 0.9838053385416666 train loss = 0.05150274602419813
epoch 18 eval acc = 0.841534598171711 eval loss = 0.7200366875529289

epoch 19 train acc = 0.9847631209219495 train loss = 0.04855243312582994
epoch 19 eval acc = 0.8326227679848671 eval loss = 0.7565246640145779

epoch 20 train acc = 0.986328125 train loss = 0.04379274927972195
epoch 20 eval acc = 0.8431305804848671 eval loss = 0.7099344983696938

epoch 21 train acc = 0.9871043668438991 train loss = 0.04148679356330831
epoch 21 eval acc = 0.843515625 eval loss = 0.7540239454247057

epoch 22 train acc = 0.9871826171875 train loss = 0.040644189499289496
epoch 22 eval acc = 0.820831473171711 eval loss = 0.8437919230759143

epoch 23 train acc = 0.9881998697916666 train loss = 0.036055514980034786
epoch 23 eval acc = 0.83484375 eval loss = 0.7670065672695636

epoch 24 train acc = 0.9898681640625 train loss = 0.03268288330946234
epoch 24 eval acc = 0.8346930804848671 eval loss = 0.8115434584021568

epoch 25 train acc = 0.9882843798647324 train loss = 0.037239741538845315
epoch 25 eval acc = 0.839051339328289 eval loss = 0.7383378376066685

epoch 26 train acc = 0.9901342146719495 train loss = 0.0317548067887401
epoch 26 eval acc = 0.8445145088434219 eval loss = 0.7260017647594214

epoch 27 train acc = 0.9912516276041666 train loss = 0.027111568899272243
epoch 27 eval acc = 0.8380524554848671 eval loss = 0.793329487964511

epoch 28 train acc = 0.9907445662344495 train loss = 0.02810586671694182
epoch 28 eval acc = 0.8485267856717109 eval loss = 0.7464870232343673

epoch 29 train acc = 0.989990234375 train loss = 0.02990459226415017
epoch 29 eval acc = 0.8393638393282891 eval loss = 0.7451428391039372

epoch 30 train acc = 0.9923909505208334 train loss = 0.025101912736621063
epoch 30 eval acc = 0.834771205484867 eval loss = 0.7942813527584076

epoch 31 train acc = 0.9929606119791666 train loss = 0.022735132948279595
epoch 31 eval acc = 0.8468080356717109 eval loss = 0.7883163475990296

epoch 32 train acc = 0.9923721704011162 train loss = 0.02291082267765887
epoch 32 eval acc = 0.836422991156578 eval loss = 0.8099325468204915

epoch 33 train acc = 0.9932673526927829 train loss = 0.020614988674121076
epoch 33 eval acc = 0.836037946343422 eval loss = 0.8652641882002353

epoch 34 train acc = 0.9919840494791666 train loss = 0.026441348239738243
epoch 34 eval acc = 0.842957589328289 eval loss = 0.7394272354245186

epoch 35 train acc = 0.9944285855938991 train loss = 0.018741513224995288
epoch 35 eval acc = 0.8377399554848671 eval loss = 0.8100424809753894

epoch 36 train acc = 0.9925130208333334 train loss = 0.02345880749301917
epoch 36 eval acc = 0.8310212054848671 eval loss = 0.9031632018089294

epoch 37 train acc = 0.993896484375 train loss = 0.019451341865078575
epoch 37 eval acc = 0.8356919643282891 eval loss = 0.8214757740497589

epoch 38 train acc = 0.9933675130208334 train loss = 0.020659653960744134
epoch 38 eval acc = 0.8405803570151329 eval loss = 0.8527909234166146

epoch 39 train acc = 0.9931233723958334 train loss = 0.020447835536136456
epoch 39 eval acc = 0.8368080356717109 eval loss = 0.8552429993450642

epoch 40 train acc = 0.9948949568594495 train loss = 0.01749682055469748
epoch 40 eval acc = 0.840909598171711 eval loss = 0.8591125756502151

epoch 41 train acc = 0.9943033854166666 train loss = 0.019160533237633597
epoch 41 eval acc = 0.845262276828289 eval loss = 0.819085885733366

epoch 42 train acc = 0.9954239282136162 train loss = 0.014681829291021131
epoch 42 eval acc = 0.8360435268282891 eval loss = 0.8796492503583431

epoch 43 train acc = 0.9953206380208334 train loss = 0.01577763027163807
epoch 43 eval acc = 0.839637276828289 eval loss = 0.8749898487329483

epoch 44 train acc = 0.9946915063386162 train loss = 0.015544873301526726
epoch 44 eval acc = 0.8423883929848671 eval loss = 0.8328485611081123

epoch 45 train acc = 0.9957901391511162 train loss = 0.013318533092994281
epoch 45 eval acc = 0.8377845981717109 eval loss = 0.9110475121438504

epoch 46 train acc = 0.9952799479166666 train loss = 0.016578954951948315
epoch 46 eval acc = 0.829654017984867 eval loss = 0.9703908902406693

epoch 47 train acc = 0.9954427083333334 train loss = 0.015522023979580505
epoch 47 eval acc = 0.8446149554848671 eval loss = 0.8489413098990917

epoch 48 train acc = 0.9954646183177829 train loss = 0.015595573195658593
epoch 48 eval acc = 0.8423604911565781 eval loss = 0.8084199081361294

epoch 49 train acc = 0.9956868489583334 train loss = 0.013257503409931815
epoch 49 eval acc = 0.841121651828289 eval loss = 0.8176701140403747

trainging time: 84211.11423110962 s
test acc = 0.8445411392405063 test loss = 0.824190145051932