Files already downloaded and verified
Files already downloaded and verified
lr: 0.01
epoches: 30
epoch 0 train acc = 0.6785826071475943 train loss = 0.9488293953860799
epoch 0 eval acc = 0.7760044643282891 eval loss = 0.6968585479259491

epoch 1 train acc = 0.8459754356493553 train loss = 0.471822885175546
epoch 1 eval acc = 0.8293973213434219 eval loss = 0.5253086145222187

epoch 2 train acc = 0.9007818760971228 train loss = 0.30695463600568473
epoch 2 eval acc = 0.8447712054848671 eval loss = 0.4886920787394047

epoch 3 train acc = 0.9306922325243553 train loss = 0.21430495680154613
epoch 3 eval acc = 0.8436272320151329 eval loss = 0.5120643635094165

epoch 4 train acc = 0.9504801432291666 train loss = 0.1530501078038166
epoch 4 eval acc = 0.858800223171711 eval loss = 0.4631110393255949

epoch 5 train acc = 0.9654947916666666 train loss = 0.11007564876005442
epoch 5 eval acc = 0.8556473213434219 eval loss = 0.5516621868312359

epoch 6 train acc = 0.9678172574688991 train loss = 0.10059154769017671
epoch 6 eval acc = 0.861462053656578 eval loss = 0.5374906188994646

epoch 7 train acc = 0.9750194059063991 train loss = 0.07612260314150869
epoch 7 eval acc = 0.842912946343422 eval loss = 0.6444874607026577

epoch 8 train acc = 0.9768911506980658 train loss = 0.07138953581549383
epoch 8 eval acc = 0.84640625 eval loss = 0.6737728056311607

epoch 9 train acc = 0.9817144932846228 train loss = 0.056862153241430256
epoch 9 eval acc = 0.828800223171711 eval loss = 0.7836760346591473

epoch 10 train acc = 0.9842967496563991 train loss = 0.04936816173358238
epoch 10 eval acc = 0.855262276828289 eval loss = 0.631715418100357

epoch 11 train acc = 0.9857396834219495 train loss = 0.04323809668433872
epoch 11 eval acc = 0.855279017984867 eval loss = 0.6179449397325516

epoch 12 train acc = 0.9873046875 train loss = 0.0396992561679023
epoch 12 eval acc = 0.860212053656578 eval loss = 0.6139856393635273

epoch 13 train acc = 0.9897680037344495 train loss = 0.033732372814483824
epoch 13 eval acc = 0.853074776828289 eval loss = 0.6473421291261912

epoch 14 train acc = 0.9871450569480658 train loss = 0.042677711118206695
epoch 14 eval acc = 0.8478292411565781 eval loss = 0.6208491513133049

epoch 15 train acc = 0.9910481770833334 train loss = 0.028711891897728492
epoch 15 eval acc = 0.8662220981717109 eval loss = 0.6538091705739498

epoch 16 train acc = 0.993408203125 train loss = 0.023225924413357763
epoch 16 eval acc = 0.8635993304848671 eval loss = 0.6563619655370713

epoch 17 train acc = 0.9935302734375 train loss = 0.02221026557162986
epoch 17 eval acc = 0.8665904018282891 eval loss = 0.6557538332045079

epoch 18 train acc = 0.9944254557291666 train loss = 0.01714170639055131
epoch 18 eval acc = 0.8603404018282891 eval loss = 0.7325032885372639

epoch 19 train acc = 0.9932078824688991 train loss = 0.021568397460062744
epoch 19 eval acc = 0.8613671875 eval loss = 0.6702336409129203

epoch 20 train acc = 0.9945882161458334 train loss = 0.01813050008119414
epoch 20 eval acc = 0.866026785671711 eval loss = 0.6805142334103584

epoch 21 train acc = 0.9931233723958334 train loss = 0.023704067937615036
epoch 21 eval acc = 0.868191964328289 eval loss = 0.6391156256198883

epoch 22 train acc = 0.995849609375 train loss = 0.013372726254904896
epoch 22 eval acc = 0.8651116070151329 eval loss = 0.7120673052966595

epoch 23 train acc = 0.9932861328125 train loss = 0.022320030653645517
epoch 23 eval acc = 0.872159598171711 eval loss = 0.6157578417658806

epoch 24 train acc = 0.9947916666666666 train loss = 0.016335987598722568
epoch 24 eval acc = 0.8637555804848671 eval loss = 0.7410529139637947

epoch 25 train acc = 0.9950170271719495 train loss = 0.016077182544374107
epoch 25 eval acc = 0.862957589328289 eval loss = 0.6820219747722149

epoch 26 train acc = 0.9936116536458334 train loss = 0.021992965586832725
epoch 26 eval acc = 0.863588169515133 eval loss = 0.665281825363636

epoch 27 train acc = 0.9952799479166666 train loss = 0.014217577297586104
epoch 27 eval acc = 0.87140625 eval loss = 0.6572460182849318

epoch 28 train acc = 0.9958902994791666 train loss = 0.013571812946793216
epoch 28 eval acc = 0.8671428570151329 eval loss = 0.7002891304343939

epoch 29 train acc = 0.9960123697916666 train loss = 0.013904539686033482
epoch 29 eval acc = 0.8746205356717109 eval loss = 0.6774066530168057

trainging time: 26497.029229402542 s
test acc = 0.8707476265822784 test loss = 0.6908152857913247