Files already downloaded and verified
Files already downloaded and verified
lr: 0.01
epoches: 30
epoch 0 train acc = 0.6807642228280505 train loss = 0.9474720282790562
epoch 0 eval acc = 0.766623883843422 eval loss = 0.6953409639000893

epoch 1 train acc = 0.8465857872118553 train loss = 0.4612949953104059
epoch 1 eval acc = 0.8237667411565781 eval loss = 0.5219525484740735

epoch 2 train acc = 0.9002122146387895 train loss = 0.2997368600529929
epoch 2 eval acc = 0.8449051338434219 eval loss = 0.48225014239549635

epoch 3 train acc = 0.9383388422429562 train loss = 0.1860661649455627
epoch 3 eval acc = 0.8455970981717109 eval loss = 0.5437289202213287

epoch 4 train acc = 0.9559952172761162 train loss = 0.13471145303143808
epoch 4 eval acc = 0.8346428570151329 eval loss = 0.6355645533651113

epoch 5 train acc = 0.9633413460105658 train loss = 0.11077223202058424
epoch 5 eval acc = 0.828270089328289 eval loss = 0.6852707721292972

epoch 6 train acc = 0.9728409204011162 train loss = 0.0831685716790768
epoch 6 eval acc = 0.853348214328289 eval loss = 0.5782653264701366

epoch 7 train acc = 0.9781494140625 train loss = 0.068137809636634
epoch 7 eval acc = 0.8542633929848671 eval loss = 0.6221583105623723

epoch 8 train acc = 0.9797801480938991 train loss = 0.06161649042284504
epoch 8 eval acc = 0.8373772320151329 eval loss = 0.6926247632503509

epoch 9 train acc = 0.9816518928855658 train loss = 0.05654976506048115
epoch 9 eval acc = 0.8440680804848671 eval loss = 0.6827158550918102

epoch 10 train acc = 0.985595703125 train loss = 0.04575737068807939
epoch 10 eval acc = 0.8604241070151329 eval loss = 0.6667678894102573

epoch 11 train acc = 0.9880997094636162 train loss = 0.03783162654690386
epoch 11 eval acc = 0.862488839328289 eval loss = 0.6076280751824379

epoch 12 train acc = 0.9894831730052829 train loss = 0.03445265301282537
epoch 12 eval acc = 0.855652901828289 eval loss = 0.6948689475655556

epoch 13 train acc = 0.9911921573802829 train loss = 0.027220225501271973
epoch 13 eval acc = 0.865184151828289 eval loss = 0.6721831350028515

epoch 14 train acc = 0.9906444059063991 train loss = 0.03019858950786632
epoch 14 eval acc = 0.861729910671711 eval loss = 0.6855861645191907

epoch 15 train acc = 0.9927164713541666 train loss = 0.024024672751769078
epoch 15 eval acc = 0.861629464328289 eval loss = 0.7041367669403553

epoch 16 train acc = 0.9929825219636162 train loss = 0.021040565811896766
epoch 16 eval acc = 0.843766741156578 eval loss = 0.8419090630859136

epoch 17 train acc = 0.9917211287344495 train loss = 0.02568822740856073
epoch 17 eval acc = 0.862957589328289 eval loss = 0.7171260911226273

epoch 18 train acc = 0.9926163110261162 train loss = 0.021982029417965048
epoch 18 eval acc = 0.8546205356717109 eval loss = 0.7084206266701222

epoch 19 train acc = 0.9939403043438991 train loss = 0.019291738535078668
epoch 19 eval acc = 0.8687444195151329 eval loss = 0.6600178121030331

epoch 20 train acc = 0.9955459985261162 train loss = 0.01391508610352806
epoch 20 eval acc = 0.85890625 eval loss = 0.7871232412755489

epoch 21 train acc = 0.9943033854166666 train loss = 0.017772971547553123
epoch 21 eval acc = 0.8604241070151329 eval loss = 0.7267392656207085

epoch 22 train acc = 0.9967854817708334 train loss = 0.010221904215237979
epoch 22 eval acc = 0.867901785671711 eval loss = 0.7402898597717286

epoch 23 train acc = 0.9962784204011162 train loss = 0.01199948050441435
epoch 23 eval acc = 0.86421875 eval loss = 0.7247617909312248

epoch 24 train acc = 0.9957682291666666 train loss = 0.013932078023420521
epoch 24 eval acc = 0.8630803570151329 eval loss = 0.7359745027124882

epoch 25 train acc = 0.9946508162344495 train loss = 0.01723151135009478
epoch 25 eval acc = 0.8647991070151329 eval loss = 0.7097789163887501

epoch 26 train acc = 0.9971516927083334 train loss = 0.010256237633029741
epoch 26 eval acc = 0.8696651786565781 eval loss = 0.7263873959332705

epoch 27 train acc = 0.9990641276041666 train loss = 0.00303841478821217
epoch 27 eval acc = 0.875714285671711 eval loss = 0.720740862339735

epoch 28 train acc = 0.9978434244791666 train loss = 0.007267539205524069
epoch 28 eval acc = 0.8682756695151329 eval loss = 0.768372044339776

epoch 29 train acc = 0.9962158203125 train loss = 0.011509403054257442
epoch 29 eval acc = 0.863889508843422 eval loss = 0.743885515332222

trainging time: 36965.69461131096 s
test acc = 0.8692642405063291 test loss = 0.7371662700478034